<?xml version="1.0" encoding="UTF-8"?>
<testsuite name="leapyear.LeapYearTest" tests="4" skipped="0" failures="0" errors="0" timestamp="2022-04-30T05:08:26" hostname="DrZoidberg" time="0.079">
  <properties/>
  <testcase name="Jahre, die durch 400 teilbar sind, sind Schaltjahre" classname="leapyear.LeapYearTest" time="0.074"/>
  <testcase name="Jahre, die durch 100, aber nicht durch 400 teilbar sind, sind keine Schaltjahre" classname="leapyear.LeapYearTest" time="0.001"/>
  <testcase name="Jahre, die durch 4, aber nicht durch 100 teilbar sind, sind Schaltjahre" classname="leapyear.LeapYearTest" time="0.001"/>
  <testcase name="Alle Jahre, die nicht durch 4 teilbar sind, sind keine Schaltjahre" classname="leapyear.LeapYearTest" time="0.001"/>
  <system-out><![CDATA[]]></system-out>
  <system-err><![CDATA[]]></system-err>
</testsuite>
